Running: D:\xsalinx\xxxx\14.7\ISE_DS\ISE\bin\nt64\unwrapped\fuse.exe -intstyle ise -incremental -o D:/xsalinx/Lab_3_v5/TopLevel_TopLevel_sch_tb_isim_par.exe -prj D:/xsalinx/Lab_3_v5/TopLevel_TopLevel_sch_tb_par.prj work.TopLevel_TopLevel_sch_tb 
ISim P.20131013 (signature 0x7708f090)
Number of CPUs detected in this system: 12
Turning on mult-threading, number of parallel sub-compilation jobs: 24 
Determining compilation order of HDL files
Parsing VHDL file "D:/xsalinx/Lab_3_v5/netgen/par/TopLevel_timesim.vhd" into library work
Parsing VHDL file "D:/xsalinx/Lab_3_v5/TopLevelTest.vhd" into library work
Starting static elaboration
Completed static elaboration
Compiling package standard
Compiling package std_logic_1164
Compiling package numeric_std
Compiling package vcomponents
Compiling package textio
Compiling package vital_timing
Compiling package vcomponents
Compiling package vital_primitives
Compiling package vpackage
Compiling architecture x_buf_v of entity X_BUF [\X_BUF(true,true,"UNPLACED",(0,0...]
Compiling architecture x_xor2_v of entity X_XOR2 [\X_XOR2(true,true,"UNPLACED",(0,...]
Compiling architecture x_mux2_v of entity X_MUX2 [\X_MUX2(true,true,"UNPLACED",(0,...]
Compiling architecture x_lut4_v of entity X_LUT4 [\X_LUT4(true,true,"UNPLACED",(0,...]
Compiling architecture x_and2_v of entity X_AND2 [\X_AND2(true,true,"UNPLACED",(0,...]
Compiling architecture x_zero_v of entity X_ZERO [\X_ZERO("UNPLACED")(1,8)\]
Compiling architecture x_one_v of entity X_ONE [\X_ONE("UNPLACED")(1,8)\]
Compiling architecture x_ff_v of entity X_FF [\X_FF(true,true,true,"UNPLACED",...]
Compiling architecture x_pu_v of entity X_PU [\X_PU(true,true,"UNPLACED")(1,8)...]
Compiling architecture x_obuf_v of entity X_OBUF [\X_OBUF(true,true,"DONT_CARE",12...]
Compiling architecture x_bufgmux_v of entity X_BUFGMUX [\X_BUFGMUX(true,"*",true,false,"...]
Compiling architecture x_inv_v of entity X_INV [\X_INV(true,true,"BUFGMUX_X1Y10"...]
Compiling architecture x_sff_v of entity X_SFF [\X_SFF(true,true,true,"UNPLACED"...]
Compiling architecture x_ramd16_v of entity X_RAMD16 [\X_RAMD16(true,true,true,"UNPLAC...]
Compiling architecture x_roc_v of entity X_ROC [\X_ROC("UNPLACED",100000,"*")(1,...]
Compiling architecture x_toc_v of entity X_TOC [\X_TOC("UNPLACED",0,"*")(1,8,1,1...]
Compiling architecture structure of entity TopLevel [toplevel_default]
Compiling architecture behavioral of entity toplevel_toplevel_sch_tb
Time Resolution for simulation is 1ps.
Compiled 1180 VHDL Units
Built simulation executable D:/xsalinx/Lab_3_v5/TopLevel_TopLevel_sch_tb_isim_par.exe
Fuse Memory Usage: 99856 KB
Fuse CPU Usage: 2092 ms
