ISim log file
Running: D:\xsalinx\projects\decoder_Vashchshyn\My2to7_isim_beh.exe -intstyle ise -gui -tclbatch isim.cmd -wdb D:/xsalinx/projects/decoder_Vashchshyn/My2to7_isim_beh.wdb 
ISim P.20131013 (signature 0x8ef4fb42)
----------------------------------------------------------------------
INFO:Security:51 - The XILINXD_LICENSE_FILE environment variable is not set.
INFO:Security:53 - The LM_LICENSE_FILE environment variable is not set.
INFO:Security:68a - user is darkm, on host DESKTOP-13FO7QV.
WARNING:Security:43 - No license file was found in the standard Xilinx license directory.
WARNING:Security:44 - Since no license file was found,
       please run the Xilinx License Configuration Manager
       (xlcm or "Manage Xilinx Licenses")
       to assist in obtaining a license.
ERROR:Security:14 - No feature was available for 'ISIM'.

No such feature exists.
Feature:       ISIM
License path:  C:/.Xilinx;D:\xsalinx\xxxx\14.7\ISE_DS\ISE\/coregen/core_licenses\Xilinx.lic;D:\xsalinx\xxxx\14.7\ISE_DS\ISE\/coregen/core_licenses\XilinxFree.lic;D:\xsalinx\xxxx\14.7\ISE_DS\EDK/data/core_licenses\Xilinx.lic;
FLEXnet Licensing error:-5,357
For further information, refer to the FLEXnet Licensing documentation,
available at "www.flexerasoftware.com".
----------------------------------------------------------------------
WARNING: A full ISim License cannot be checked out due to the issues listed above. Please use Xilinx License Configuration Manager to fix these issues in order to check out a full ISim license.
WARNING: ISim will run in Lite mode. Please refer to the ISim documentation for more information on the differences between the Lite and the Full version.
This is a Lite version of ISim.
Time resolution is 1 ps
# onerror resume
# wave add /
# run 1000 ns
Simulator is doing circuit initialization process.
Finished circuit initialization process.
# run 1.00ps
# restart
# isim force add /My2to7/IN_0 0 -radix bin
# isim force add /My2to7/IN_0 0 -radix bin
# isim force add /My2to7/IN_1 0 -radix bin
# isim force add /My2to7/IN_1 0 -radix bin
# run 1.00ps
Simulator is doing circuit initialization process.
Finished circuit initialization process.
# isim force add /My2to7/IN_0 1 -radix bin
# isim force add /My2to7/IN_0 1 -radix bin
# run 1.00ps
# isim force add /My2to7/IN_1 1 -radix bin
# isim force add /My2to7/IN_1 1 -radix bin
# isim force add /My2to7/IN_0 0 -radix bin
# isim force add /My2to7/IN_0 0 -radix bin
# run 1.00ps
# isim force add /My2to7/IN_0 1 -radix bin
# isim force add /My2to7/IN_0 1 -radix bin
# run 1.00ps
