Command line:
   My2to7_isim_beh.exe
     -simmode  gui
     -simrunnum  0
     -socket  55120

Sun Mar 03 15:47:18 2024


 Elaboration Time: 0.015625 sec

 Current Memory Usage: 825.119 Meg

 Total Signals          : 70
 Total Nets             : 37
 Total Signal Drivers   : 27
 Total Blocks           : 13
 Total Primitive Blocks : 12
 Total Processes        : 28
 Total Traceable Variables  : 18
 Total Scalar Nets and Variables : 117
Total Line Count : 14
Total Line Count : 14

 Total Simulation Time: 0.078125 sec

 Current Memory Usage: 1141.26 Meg

Sun Mar 03 15:48:11 2024

