Release 14.7 - xst P.20131013 (nt64)
Copyright (c) 1995-2013 Xilinx, Inc.  All rights reserved.
--> Parameter TMPDIR set to xst/projnav.tmp


Total REAL time to Xst completion: 0.00 secs
Total CPU time to Xst completion: 0.04 secs
 
--> Parameter xsthdpdir set to xst


Total REAL time to Xst completion: 0.00 secs
Total CPU time to Xst completion: 0.04 secs
 
--> Reading design: TopLevel.prj

TABLE OF CONTENTS
  1) Synthesis Options Summary
  2) HDL Compilation
  3) Design Hierarchy Analysis
  4) HDL Analysis
  5) HDL Synthesis
     5.1) HDL Synthesis Report
  6) Advanced HDL Synthesis
     6.1) Advanced HDL Synthesis Report
  7) Low Level Synthesis
  8) Partition Report
  9) Final Report
	9.1) Device utilization summary
	9.2) Partition Resource Summary
	9.3) TIMING REPORT


=========================================================================
*                      Synthesis Options Summary                        *
=========================================================================
---- Source Parameters
Input File Name                    : "TopLevel.prj"
Input Format                       : mixed
Ignore Synthesis Constraint File   : NO

---- Target Parameters
Output File Name                   : "TopLevel"
Output Format                      : NGC
Target Device                      : xc3s50a-5-tq144

---- Source Options
Top Module Name                    : TopLevel
Automatic FSM Extraction           : YES
FSM Encoding Algorithm             : Auto
Safe Implementation                : No
FSM Style                          : LUT
RAM Extraction                     : Yes
RAM Style                          : Auto
ROM Extraction                     : Yes
Mux Style                          : Auto
Decoder Extraction                 : YES
Priority Encoder Extraction        : Yes
Shift Register Extraction          : YES
Logical Shifter Extraction         : YES
XOR Collapsing                     : YES
ROM Style                          : Auto
Mux Extraction                     : Yes
Resource Sharing                   : YES
Asynchronous To Synchronous        : NO
Multiplier Style                   : Auto
Automatic Register Balancing       : No

---- Target Options
Add IO Buffers                     : YES
Global Maximum Fanout              : 100000
Add Generic Clock Buffer(BUFG)     : 24
Register Duplication               : YES
Slice Packing                      : YES
Optimize Instantiated Primitives   : NO
Use Clock Enable                   : Yes
Use Synchronous Set                : Yes
Use Synchronous Reset              : Yes
Pack IO Registers into IOBs        : Auto
Equivalent register Removal        : YES

---- General Options
Optimization Goal                  : Speed
Optimization Effort                : 1
Keep Hierarchy                     : No
Netlist Hierarchy                  : As_Optimized
RTL Output                         : Yes
Global Optimization                : AllClockNets
Read Cores                         : YES
Write Timing Constraints           : NO
Cross Clock Analysis               : NO
Hierarchy Separator                : /
Bus Delimiter                      : <>
Case Specifier                     : Maintain
Slice Utilization Ratio            : 100
BRAM Utilization Ratio             : 100
Verilog 2001                       : YES
Auto BRAM Packing                  : NO
Slice Utilization Ratio Delta      : 5

=========================================================================


=========================================================================
*                          HDL Compilation                              *
=========================================================================
Compiling vhdl file "D:/xsalinx/projects/vashchyshyn_lab2/OutputLogic.vhd" in Library work.
Architecture out_logic_arch of Entity out_logic_intf is up to date.
Compiling vhdl file "D:/xsalinx/projects/vashchyshyn_lab2/TransitionLogic.vhd" in Library work.
Architecture transition_logic_arch of Entity transition_logic_intf is up to date.
Compiling verilog file "LightController.vf" in library work
Compiling verilog file "TopLevel.vf" in library work
Module <LightController> compiled
Module <CC16CE_HXILINX_TopLevel> compiled
Module <LightController_MUSER_TopLevel> compiled
Module <TopLevel> compiled
No errors in compilation
Analysis of file <"TopLevel.prj"> succeeded.
 

=========================================================================
*                     Design Hierarchy Analysis                         *
=========================================================================
Analyzing hierarchy for module <TopLevel> in library <work>.

Analyzing hierarchy for module <CC16CE_HXILINX_TopLevel> in library <work> with parameters.
	TERMINAL_COUNT = "1111111111111111"

Analyzing hierarchy for module <CC16CE_HXILINX_TopLevel> in library <work> with parameters.
	TERMINAL_COUNT = "1111111111111111"

Analyzing hierarchy for module <LightController_MUSER_TopLevel> in library <work>.

Analyzing hierarchy for entity <out_logic_intf> in library <work> (architecture <out_logic_arch>).

Analyzing hierarchy for entity <transition_logic_intf> in library <work> (architecture <transition_logic_arch>).


=========================================================================
*                            HDL Analysis                               *
=========================================================================
Analyzing top module <TopLevel>.
Module <TopLevel> is correct for synthesis.
 
    Set user-defined property "INIT =  0" for instance <XLXI_12> in unit <TopLevel>.
    Set user-defined property "HU_SET =  XLXI_4_0" for instance <XLXI_4> in unit <TopLevel>.
    Set user-defined property "HU_SET =  XLXI_5_1" for instance <XLXI_5> in unit <TopLevel>.
Analyzing module <CC16CE_HXILINX_TopLevel.1> in library <work>.
	TERMINAL_COUNT = 16'b1111111111111111
Module <CC16CE_HXILINX_TopLevel.1> is correct for synthesis.
 
Analyzing module <CC16CE_HXILINX_TopLevel.2> in library <work>.
	TERMINAL_COUNT = 16'b1111111111111111
Module <CC16CE_HXILINX_TopLevel.2> is correct for synthesis.
 
Analyzing module <LightController_MUSER_TopLevel> in library <work>.
Module <LightController_MUSER_TopLevel> is correct for synthesis.
 
    Set user-defined property "INIT =  0" for instance <XLXI_6> in unit <LightController_MUSER_TopLevel>.
    Set user-defined property "INIT =  0" for instance <XLXI_7> in unit <LightController_MUSER_TopLevel>.
    Set user-defined property "INIT =  0" for instance <XLXI_8> in unit <LightController_MUSER_TopLevel>.
Analyzing Entity <out_logic_intf> in library <work> (Architecture <out_logic_arch>).
Entity <out_logic_intf> analyzed. Unit <out_logic_intf> generated.

Analyzing Entity <transition_logic_intf> in library <work> (Architecture <transition_logic_arch>).
Entity <transition_logic_intf> analyzed. Unit <transition_logic_intf> generated.


=========================================================================
*                           HDL Synthesis                               *
=========================================================================

Performing bidirectional port resolution...

Synthesizing Unit <CC16CE_HXILINX_TopLevel_1>.
    Related source file is "TopLevel.vf".
    Found 16-bit up counter for signal <Q>.
    Summary:
	inferred   1 Counter(s).
Unit <CC16CE_HXILINX_TopLevel_1> synthesized.


Synthesizing Unit <CC16CE_HXILINX_TopLevel_2>.
    Related source file is "TopLevel.vf".
    Found 16-bit up counter for signal <Q>.
    Summary:
	inferred   1 Counter(s).
Unit <CC16CE_HXILINX_TopLevel_2> synthesized.


Synthesizing Unit <out_logic_intf>.
    Related source file is "D:/xsalinx/projects/vashchyshyn_lab2/OutputLogic.vhd".
Unit <out_logic_intf> synthesized.


Synthesizing Unit <transition_logic_intf>.
    Related source file is "D:/xsalinx/projects/vashchyshyn_lab2/TransitionLogic.vhd".
Unit <transition_logic_intf> synthesized.


Synthesizing Unit <LightController_MUSER_TopLevel>.
    Related source file is "TopLevel.vf".
Unit <LightController_MUSER_TopLevel> synthesized.


Synthesizing Unit <TopLevel>.
    Related source file is "TopLevel.vf".
WARNING:Xst:646 - Signal <CNT_BUS<15:7>> is assigned but never used. This unconnected signal will be trimmed during the optimization process.
WARNING:Xst:646 - Signal <CNT_BUS<5:0>> is assigned but never used. This unconnected signal will be trimmed during the optimization process.
Unit <TopLevel> synthesized.


=========================================================================
HDL Synthesis Report

Macro Statistics
# Counters                                             : 2
 16-bit up counter                                     : 2

=========================================================================

=========================================================================
*                       Advanced HDL Synthesis                          *
=========================================================================


=========================================================================
Advanced HDL Synthesis Report

Macro Statistics
# Counters                                             : 2
 16-bit up counter                                     : 2
# Registers                                            : 4
 Flip-Flops                                            : 4

=========================================================================

=========================================================================
*                         Low Level Synthesis                           *
=========================================================================

Optimizing unit <TopLevel> ...

Optimizing unit <CC16CE_HXILINX_TopLevel_1> ...

Optimizing unit <CC16CE_HXILINX_TopLevel_2> ...
WARNING:Xst:2677 - Node <Q_7> of sequential type is unconnected in block <XLXI_5>.
WARNING:Xst:2677 - Node <Q_8> of sequential type is unconnected in block <XLXI_5>.
WARNING:Xst:2677 - Node <Q_9> of sequential type is unconnected in block <XLXI_5>.
WARNING:Xst:2677 - Node <Q_10> of sequential type is unconnected in block <XLXI_5>.
WARNING:Xst:2677 - Node <Q_11> of sequential type is unconnected in block <XLXI_5>.
WARNING:Xst:2677 - Node <Q_12> of sequential type is unconnected in block <XLXI_5>.
WARNING:Xst:2677 - Node <Q_13> of sequential type is unconnected in block <XLXI_5>.
WARNING:Xst:2677 - Node <Q_14> of sequential type is unconnected in block <XLXI_5>.
WARNING:Xst:2677 - Node <Q_15> of sequential type is unconnected in block <XLXI_5>.

Mapping all equations...
Building and optimizing final netlist ...
Found area constraint ratio of 100 (+ 5) on block TopLevel, actual ratio is 2.

Final Macro Processing ...

=========================================================================
Final Register Report

Macro Statistics
# Registers                                            : 27
 Flip-Flops                                            : 27

=========================================================================

=========================================================================
*                           Partition Report                            *
=========================================================================

Partition Implementation Status
-------------------------------

  No Partitions were found in this design.

-------------------------------

=========================================================================
*                            Final Report                               *
=========================================================================
Final Results
RTL Top Level Output File Name     : TopLevel.ngr
Top Level Output File Name         : TopLevel
Output Format                      : NGC
Optimization Goal                  : Speed
Keep Hierarchy                     : No

Design Statistics
# IOs                              : 12

Cell Usage :
# BELS                             : 92
#      GND                         : 2
#      INV                         : 4
#      LUT1                        : 21
#      LUT3                        : 1
#      LUT4                        : 13
#      MUXCY                       : 26
#      VCC                         : 2
#      XORCY                       : 23
# FlipFlops/Latches                : 27
#      FD                          : 1
#      FDC                         : 26
# Clock Buffers                    : 1
#      BUFGP                       : 1
# IO Buffers                       : 11
#      IBUF                        : 3
#      OBUF                        : 8
=========================================================================

Device utilization summary:
---------------------------

Selected Device : 3s50atq144-5 

 Number of Slices:                       20  out of    704     2%  
 Number of Slice Flip Flops:             27  out of   1408     1%  
 Number of 4 input LUTs:                 39  out of   1408     2%  
 Number of IOs:                          12
 Number of bonded IOBs:                  12  out of    108    11%  
 Number of GCLKs:                         1  out of     24     4%  

---------------------------
Partition Resource Summary:
---------------------------

  No Partitions were found in this design.

---------------------------


=========================================================================
TIMING REPORT

NOTE: THESE TIMING NUMBERS ARE ONLY A SYNTHESIS ESTIMATE.
      FOR ACCURATE TIMING INFORMATION PLEASE REFER TO THE TRACE REPORT
      GENERATED AFTER PLACE-and-ROUTE.

Clock Information:
------------------
-----------------------------------+------------------------+-------+
Clock Signal                       | Clock buffer(FF name)  | Load  |
-----------------------------------+------------------------+-------+
CLOCK                              | BUFGP                  | 17    |
XLXI_5/Q_6                         | NONE(XLXI_15/XLXI_8)   | 3     |
XLXI_4/CEO(XLXI_4/TC_wg_cy<4>:O)   | NONE(*)(XLXI_5/Q_0)    | 7     |
-----------------------------------+------------------------+-------+
(*) This 1 clock signal(s) are generated by combinatorial logic,
and XST is not able to identify which are the primary clock signals.
Please use the CLOCK_SIGNAL constraint to specify the clock signal(s) generated by combinatorial logic.
INFO:Xst:2169 - HDL ADVISOR - Some clock signals were not automatically buffered by XST with BUFG/BUFR resources. Please use the buffer_type constraint in order to insert these buffers to the clock signals to help prevent skew problems.

Asynchronous Control Signals Information:
----------------------------------------
-----------------------------------+------------------------+-------+
Control Signal                     | Buffer(FF name)        | Load  |
-----------------------------------+------------------------+-------+
XLXN_30(XLXI_12:Q)                 | NONE(XLXI_15/XLXI_6)   | 26    |
-----------------------------------+------------------------+-------+

Timing Summary:
---------------
Speed Grade: -5

   Minimum period: 3.763ns (Maximum Frequency: 265.749MHz)
   Minimum input arrival time before clock: 2.297ns
   Maximum output required time after clock: 6.710ns
   Maximum combinational path delay: 6.889ns

Timing Detail:
--------------
All values displayed in nanoseconds (ns)

=========================================================================
Timing constraint: Default period analysis for Clock 'XLXI_5/Q_6'
  Clock period: 2.404ns (frequency: 415.965MHz)
  Total number of paths / destination ports: 6 / 3
-------------------------------------------------------------------------
Delay:               2.404ns (Levels of Logic = 1)
  Source:            XLXI_15/XLXI_7 (FF)
  Destination:       XLXI_15/XLXI_7 (FF)
  Source Clock:      XLXI_5/Q_6 rising
  Destination Clock: XLXI_5/Q_6 rising

  Data Path: XLXI_15/XLXI_7 to XLXI_15/XLXI_7
                                Gate     Net
    Cell:in->out      fanout   Delay   Delay  Logical Name (Net Name)
    ----------------------------------------  ------------
     FDC:C->Q             11   0.495   0.793  XLXI_15/XLXI_7 (XLXI_15/CUR_STATE_BUS<0>)
     INV:I->O              1   0.562   0.357  XLXI_15/XLXI_10/NEXT_STATE_0_or00001_INV_0 (XLXI_15/NEXT_STATE_BUS<0>)
     FDC:D                     0.197          XLXI_15/XLXI_7
    ----------------------------------------
    Total                      2.404ns (1.254ns logic, 1.150ns route)
                                       (52.2% logic, 47.8% route)

=========================================================================
Timing constraint: Default period analysis for Clock 'CLOCK'
  Clock period: 3.763ns (frequency: 265.749MHz)
  Total number of paths / destination ports: 136 / 16
-------------------------------------------------------------------------
Delay:               3.763ns (Levels of Logic = 16)
  Source:            XLXI_4/Q_1 (FF)
  Destination:       XLXI_4/Q_15 (FF)
  Source Clock:      CLOCK rising
  Destination Clock: CLOCK rising

  Data Path: XLXI_4/Q_1 to XLXI_4/Q_15
                                Gate     Net
    Cell:in->out      fanout   Delay   Delay  Logical Name (Net Name)
    ----------------------------------------  ------------
     FDC:C->Q              2   0.495   0.488  Q_1 (Q_1)
     LUT1:I0->O            1   0.561   0.000  Mcount_Q_cy<1>_rt (Mcount_Q_cy<1>_rt)
     MUXCY:S->O            1   0.523   0.000  Mcount_Q_cy<1> (Mcount_Q_cy<1>)
     MUXCY:CI->O           1   0.065   0.000  Mcount_Q_cy<2> (Mcount_Q_cy<2>)
     MUXCY:CI->O           1   0.065   0.000  Mcount_Q_cy<3> (Mcount_Q_cy<3>)
     MUXCY:CI->O           1   0.065   0.000  Mcount_Q_cy<4> (Mcount_Q_cy<4>)
     MUXCY:CI->O           1   0.065   0.000  Mcount_Q_cy<5> (Mcount_Q_cy<5>)
     MUXCY:CI->O           1   0.065   0.000  Mcount_Q_cy<6> (Mcount_Q_cy<6>)
     MUXCY:CI->O           1   0.065   0.000  Mcount_Q_cy<7> (Mcount_Q_cy<7>)
     MUXCY:CI->O           1   0.065   0.000  Mcount_Q_cy<8> (Mcount_Q_cy<8>)
     MUXCY:CI->O           1   0.065   0.000  Mcount_Q_cy<9> (Mcount_Q_cy<9>)
     MUXCY:CI->O           1   0.065   0.000  Mcount_Q_cy<10> (Mcount_Q_cy<10>)
     MUXCY:CI->O           1   0.065   0.000  Mcount_Q_cy<11> (Mcount_Q_cy<11>)
     MUXCY:CI->O           1   0.065   0.000  Mcount_Q_cy<12> (Mcount_Q_cy<12>)
     MUXCY:CI->O           1   0.065   0.000  Mcount_Q_cy<13> (Mcount_Q_cy<13>)
     MUXCY:CI->O           0   0.065   0.000  Mcount_Q_cy<14> (Mcount_Q_cy<14>)
     XORCY:CI->O           1   0.654   0.000  Mcount_Q_xor<15> (Result<15>)
     FDC:D                     0.197          Q_15
    ----------------------------------------
    Total                      3.763ns (3.275ns logic, 0.488ns route)
                                       (87.0% logic, 13.0% route)

=========================================================================
Timing constraint: Default period analysis for Clock 'XLXI_4/CEO'
  Clock period: 3.155ns (frequency: 316.957MHz)
  Total number of paths / destination ports: 28 / 7
-------------------------------------------------------------------------
Delay:               3.155ns (Levels of Logic = 7)
  Source:            XLXI_5/Q_1 (FF)
  Destination:       XLXI_5/Q_6 (FF)
  Source Clock:      XLXI_4/CEO rising
  Destination Clock: XLXI_4/CEO rising

  Data Path: XLXI_5/Q_1 to XLXI_5/Q_6
                                Gate     Net
    Cell:in->out      fanout   Delay   Delay  Logical Name (Net Name)
    ----------------------------------------  ------------
     FDC:C->Q              1   0.495   0.465  Q_1 (Q_1)
     LUT1:I0->O            1   0.561   0.000  Mcount_Q_cy<1>_rt (Mcount_Q_cy<1>_rt)
     MUXCY:S->O            1   0.523   0.000  Mcount_Q_cy<1> (Mcount_Q_cy<1>)
     MUXCY:CI->O           1   0.065   0.000  Mcount_Q_cy<2> (Mcount_Q_cy<2>)
     MUXCY:CI->O           1   0.065   0.000  Mcount_Q_cy<3> (Mcount_Q_cy<3>)
     MUXCY:CI->O           1   0.065   0.000  Mcount_Q_cy<4> (Mcount_Q_cy<4>)
     MUXCY:CI->O           0   0.065   0.000  Mcount_Q_cy<5> (Mcount_Q_cy<5>)
     XORCY:CI->O           1   0.654   0.000  Mcount_Q_xor<6> (Result<6>)
     FDC:D                     0.197          Q_6
    ----------------------------------------
    Total                      3.155ns (2.690ns logic, 0.465ns route)
                                       (85.3% logic, 14.7% route)

=========================================================================
Timing constraint: Default OFFSET IN BEFORE for Clock 'CLOCK'
  Total number of paths / destination ports: 1 / 1
-------------------------------------------------------------------------
Offset:              2.297ns (Levels of Logic = 2)
  Source:            RESET (PAD)
  Destination:       XLXI_12 (FF)
  Destination Clock: CLOCK rising

  Data Path: RESET to XLXI_12
                                Gate     Net
    Cell:in->out      fanout   Delay   Delay  Logical Name (Net Name)
    ----------------------------------------  ------------
     IBUF:I->O             1   0.824   0.357  RESET_IBUF (RESET_IBUF)
     INV:I->O              1   0.562   0.357  XLXI_17 (XLXN_53)
     FD:D                      0.197          XLXI_12
    ----------------------------------------
    Total                      2.297ns (1.583ns logic, 0.714ns route)
                                       (68.9% logic, 31.1% route)

=========================================================================
Timing constraint: Default OFFSET IN BEFORE for Clock 'XLXI_5/Q_6'
  Total number of paths / destination ports: 2 / 2
-------------------------------------------------------------------------
Offset:              2.070ns (Levels of Logic = 2)
  Source:            MODE (PAD)
  Destination:       XLXI_15/XLXI_6 (FF)
  Destination Clock: XLXI_5/Q_6 rising

  Data Path: MODE to XLXI_15/XLXI_6
                                Gate     Net
    Cell:in->out      fanout   Delay   Delay  Logical Name (Net Name)
    ----------------------------------------  ------------
     IBUF:I->O             2   0.824   0.488  MODE_IBUF (MODE_IBUF)
     LUT3:I0->O            1   0.561   0.000  XLXI_15/XLXI_10/NEXT_STATE_1_or00001 (XLXI_15/NEXT_STATE_BUS<1>)
     FDC:D                     0.197          XLXI_15/XLXI_6
    ----------------------------------------
    Total                      2.070ns (1.582ns logic, 0.488ns route)
                                       (76.4% logic, 23.6% route)

=========================================================================
Timing constraint: Default OFFSET OUT AFTER for Clock 'XLXI_5/Q_6'
  Total number of paths / destination ports: 24 / 8
-------------------------------------------------------------------------
Offset:              6.710ns (Levels of Logic = 2)
  Source:            XLXI_15/XLXI_7 (FF)
  Destination:       OUTPUT<7> (PAD)
  Source Clock:      XLXI_5/Q_6 rising

  Data Path: XLXI_15/XLXI_7 to OUTPUT<7>
                                Gate     Net
    Cell:in->out      fanout   Delay   Delay  Logical Name (Net Name)
    ----------------------------------------  ------------
     FDC:C->Q             11   0.495   0.901  XLXI_15/XLXI_7 (XLXI_15/CUR_STATE_BUS<0>)
     LUT4:I0->O            1   0.561   0.357  XLXI_15/XLXI_9/OUT_BUS_7_or00001 (OUTPUT_7_OBUF)
     OBUF:I->O                 4.396          OUTPUT_7_OBUF (OUTPUT<7>)
    ----------------------------------------
    Total                      6.710ns (5.452ns logic, 1.258ns route)
                                       (81.3% logic, 18.7% route)

=========================================================================
Timing constraint: Default path analysis
  Total number of paths / destination ports: 8 / 8
-------------------------------------------------------------------------
Delay:               6.889ns (Levels of Logic = 3)
  Source:            TEST (PAD)
  Destination:       OUTPUT<6> (PAD)

  Data Path: TEST to OUTPUT<6>
                                Gate     Net
    Cell:in->out      fanout   Delay   Delay  Logical Name (Net Name)
    ----------------------------------------  ------------
     IBUF:I->O             8   0.824   0.751  TEST_IBUF (TEST_IBUF)
     LUT4:I0->O            1   0.561   0.357  XLXI_15/XLXI_9/OUT_BUS_6_or00001 (OUTPUT_6_OBUF)
     OBUF:I->O                 4.396          OUTPUT_6_OBUF (OUTPUT<6>)
    ----------------------------------------
    Total                      6.889ns (5.781ns logic, 1.108ns route)
                                       (83.9% logic, 16.1% route)

=========================================================================


Total REAL time to Xst completion: 2.00 secs
Total CPU time to Xst completion: 1.94 secs
 
--> 

Total memory usage is 4502924 kilobytes

Number of errors   :    0 (   0 filtered)
Number of warnings :   11 (   0 filtered)
Number of infos    :    1 (   0 filtered)

