Command line:
   TopLevel_TopLevel_sch_tb_isim_beh.exe
     -simmode  gui
     -simrunnum  0
     -socket  51937

Wed May 22 09:22:06 2024


 Elaboration Time: 0.015625 sec

 Current Memory Usage: 5151.4 Meg

 Total Signals          : 94
 Total Nets             : 129
 Total Signal Drivers   : 50
 Total Blocks           : 16
 Total Primitive Blocks : 13
 Total Processes        : 66
 Total Traceable Variables  : 45
 Total Scalar Nets and Variables : 766
Total Line Count : 96

 Total Simulation Time: 13.8125 sec

 Current Memory Usage: 4994.11 Meg

Wed May 22 09:23:16 2024

